2026-05-15 10:38:50,960 [INFO] Starting ADAMS v2
2026-05-15 10:38:50,961 [WARNING] GPIO unavailable – HardwareController running in simulation mode
2026-05-15 10:38:53,589 [INFO] Firebase connected
2026-05-15 10:39:42,169 [INFO] Stopping ADAMS
2026-05-15 11:00:38,750 [INFO] Starting ADAMS v3
2026-05-15 11:00:40,501 [INFO] Firebase connected
2026-05-15 11:01:02,511 [INFO] Stopping ADAMS
2026-05-15 11:01:22,627 [INFO] Starting ADAMS v3
2026-05-15 11:01:22,965 [INFO] Firebase connected
2026-05-15 11:01:37,918 [INFO] Stopping ADAMS
2026-05-15 11:05:10,999 [INFO] Starting ADAMS v3
2026-05-15 11:05:12,222 [INFO] Firebase connected
2026-05-15 11:05:16,203 [WARNING] STATE: NORMAL -> DISTRACTED
2026-05-15 11:05:17,161 [WARNING] STATE: DISTRACTED -> NORMAL
2026-05-15 11:05:18,365 [WARNING] STATE: NORMAL -> DROWSY
2026-05-15 11:05:19,881 [WARNING] STATE: DROWSY -> NORMAL
2026-05-15 11:05:20,024 [WARNING] STATE: NORMAL -> DIZZY
2026-05-15 11:05:20,776 [WARNING] STATE: DIZZY -> DISTRACTED
2026-05-15 11:05:22,315 [WARNING] STATE: DISTRACTED -> DIZZY
2026-05-15 11:05:22,984 [WARNING] STATE: DIZZY -> NORMAL
2026-05-15 11:05:23,115 [WARNING] STATE: NORMAL -> DISTRACTED
2026-05-15 11:05:25,179 [WARNING] STATE: DISTRACTED -> NORMAL
2026-05-15 11:05:25,543 [WARNING] STATE: NORMAL -> DISTRACTED
2026-05-15 11:05:26,632 [WARNING] STATE: DISTRACTED -> NORMAL
2026-05-15 11:05:27,162 [WARNING] STATE: NORMAL -> DISTRACTED
2026-05-15 11:05:27,772 [WARNING] STATE: DISTRACTED -> NORMAL
2026-05-15 11:05:28,297 [WARNING] STATE: NORMAL -> DISTRACTED
2026-05-15 11:05:28,428 [WARNING] STATE: DISTRACTED -> DIZZY
2026-05-15 11:05:29,192 [WARNING] STATE: DIZZY -> DISTRACTED
2026-05-15 11:05:29,773 [WARNING] STATE: DISTRACTED -> DIZZY
2026-05-15 11:05:30,392 [WARNING] STATE: DIZZY -> NORMAL
2026-05-15 11:05:30,631 [WARNING] STATE: NORMAL -> DISTRACTED
2026-05-15 11:05:30,666 [WARNING] STATE: DISTRACTED -> NORMAL
2026-05-15 11:05:30,698 [WARNING] STATE: NORMAL -> DISTRACTED
2026-05-15 11:05:30,730 [WARNING] STATE: DISTRACTED -> NORMAL
2026-05-15 11:05:30,765 [WARNING] STATE: NORMAL -> DISTRACTED
2026-05-15 11:05:30,860 [WARNING] STATE: DISTRACTED -> NORMAL
2026-05-15 11:05:30,889 [WARNING] STATE: NORMAL -> DISTRACTED
2026-05-15 11:05:30,921 [WARNING] STATE: DISTRACTED -> NORMAL
2026-05-15 11:05:31,352 [WARNING] STATE: NORMAL -> DISTRACTED
2026-05-15 11:05:31,529 [WARNING] STATE: DISTRACTED -> DROWSY
2026-05-15 11:05:31,564 [WARNING] STATE: DROWSY -> DISTRACTED
2026-05-15 11:05:31,596 [WARNING] STATE: DISTRACTED -> DROWSY
2026-05-15 11:05:31,783 [WARNING] STATE: DROWSY -> DISTRACTED
2026-05-15 11:05:31,865 [WARNING] STATE: DISTRACTED -> DROWSY
2026-05-15 11:05:32,486 [WARNING] STATE: DROWSY -> DISTRACTED
2026-05-15 11:05:32,554 [WARNING] STATE: DISTRACTED -> NORMAL
2026-05-15 11:05:33,257 [WARNING] STATE: NORMAL -> DISTRACTED
2026-05-15 11:05:34,398 [INFO] Stopping ADAMS
